-47000000000
-13300000000
-13200000000
-13100000000
-13100000000
-12700000000
-9000000000
-8500000000
-4600000000
-4600000000
-4600000000
-4600000000
-4570000000
-4560000000
-4560000000
-4560000000
-4560000000
-4560000000
-4560000000
-4560000000
-4560000000
-4560000000
-4560000000
-4560000000
-4540000000
-4533000000
-4500000000
-4500000000
-4500000000
-4500000000
-4450000000
-4404000000
-4350000000
-4250000000
-3920000000
-3850000000
-3800000000
-3750000000
-3700000000
-3600000000
-3500000000
-3500000000
-3400000000
-3260000000
-3200000000
-3000000000
-3000000000
-3000000000
-2900000000
-2800000000
-2736000000
-2705000000
-2500000000
-2500000000
-2500000000
-2400000000
-2400000000
-2200000000
-2200000000
-2200000000
-2000000000
-2000000000
-2000000000
-1950000000
-1900000000
-1830000000
-1820000000
-1810000000
-1800000000
-1600000000
-1500000000
-1450000000
-1400000000
-1300000000
-1200000000
-1150000000
-1100000000
-1000000000
-1000000000
-950000000
-930000000
-910000000
-900000000
-900000000
-850000000
-750000000
-750000000
-730000000
-710000000
-700000000
-700000000
-700000000
-600000000
-600000000
-580000000
-580000000
-575000000
-560000000
-558000000
-557000000
-556000000
-555000000
-550000000
-550000000
-550000000
-550000000
-550000000
-550000000
-550000000
-550000000
-550000000
-544000000
-541000000
-541000000
-541000000
-541000000
-541000000
-540000000
-540000000
-540000000
-530000000
-530000000
-530000000
-530000000
-530000000
-530000000
-525000000
-521000000
-505000000
-505000000
-505000000
-505000000
-500000000
-485000000
-480000000
-475000000
-450000000
-435000000
-435000000
-430000000
-430000000
-420000000
-420000000
-419000000
-418000000
-413000000
-412000000
-410000000
-410000000
-410000000
-400000000
-400000000
-395000000
-390000000
-390000000
-390000000
-390000000
-390000000
-390000000
-390000000
-390000000
-375000000
-370000000
-365000000
-365000000
-365000000
-365000000
-365000000
-360000000
-358900000
-355000000
-350000000
-345000000
-340000000
-330000000
-320000000
-315000000
-310000000
-305000000
-300000000
-300000000
-300000000
-300000000
-300000000
-300000000
-298900000
-280000000
-280000000
-280000000
-280000000
-280000000
-275000000
-270000000
-265000000
-256000000
-256000000
-256000000
-256000000
-256000000
-252000000
-251400000
-250000000
-248000000
-245000000
-243000000
-240000000
-225000000
-222000000
-220000000
-220000000
-220000000
-220000000
-220000000
-218000000
-215000000
-213000000
-211000000
-210000000
-205000000
-201000000
-201000000
-201000000
-200000000
-200000000
-195000000
-193000000
-192000000
-191000000
-190000000
-180000000
-180000000
-176000000
-170000000
-169000000
-168000000
-165000000
-161000000
-160000000
-158000000
-157000000
-157000000
-155000000
-153000000
-150000000
-150000000
-130000000
-120000000
-115000000
-110000000
-110000000
-106000000
-100000000
-100000000
-100000000
-90000000
-89000000
-88000000
-86000000
-80000000
-75000000
-70000000
-68000000
-66000000
-65000000
-65000000
-63000000
-60000000
-60000000
-60000000
-60000000
-58000000
-58000000
-56000000
-56000000
-56000000
-56000000
-56000000
-56000000
-56000000
-56000000
-56000000
-56000000
-56000000
-55000000
-55000000
-55000000
-55000000
-52000000
-50000000
-50000000
-50000000
-50000000
-50000000
-50000000
-50000000
-50000000
-50000000
-50000000
-49000000
-45000000
-43000000
-40000000
-40000000
-39000000
-39000000
-38000000
-37000000
-37000000
-35000000
-35000000
-35000000
-35000000
-35000000
-35000000
-35000000
-34000000
-33000000
-32000000
-31000000
-30000000
-30000000
-30000000
-30000000
-28000000
-26000000
-25000000
-25000000
-25000000
-20000000
-20000000
-18000000
-17000000
-15000000
-15000000
-13000000
-10000000
-8900000
-7000000
-7000000
-7000000
-6500000
-6000000
-6000000
-5960000
-5800000
-5500000
-5333000
-5330000
-5000000
-4800000
-4500000
-4500000
-4400000
-4400000
-4100000
-4000000
-3600000
-3600000
-3500000
-3400000
-3000000
-3000000
-3000000
-2800000
-2800000
-2700000
-2600000
-2600000
-2580000
-2500000
-2500000
-2500000
-1950000
-1950000
-1900000
-1800000
-1800000
-1800000
-1800000
-1800000
-1800000
-1800000
-1800000
-1800000
-1800000
-1800000
-1700000
-1600000
-1300000
-1200000
-1200000
-900000
-800000
-800000
-700000
-640000
-600000
-600000
-500000
-500000
-500000
-400000
-400000
-350000
-300000
-250000
-240000
-240000
-200000
-200000
-200000
-170000
-170000
-160000
-160000
-110000
-110000
-100000
-100000
-98000
-95000
-90000
-82000
-77000
-75000
-75000
-70000
-70000
-70000
-64000
-64000
-61000
-60000
-60000
-60000
-59500
-59500
-59000
-59000
-59000
-59000
-50000
-50000
-50000
-44000
-43000
-42000
-42000
-42000
-42000
-41000
-40000
-40000
-40000
-40000
-40000
-40000
-40000
-40000
-40000
-40000
-38000
-37000
-36000
-35000
-35000
-35000
-33000
-32000
-30000
-30000
-30000
-28500
-28000
-28000
-28000
-27000
-27000
-26000
-26000
-26000
-25000
-25000
-25000
-25000
-23000
-23000
-22000
-22000
-21000
-20000
-20000
-19000
-18000
-17000
-16050
-16000
-16000
-16000
-16000
-16000
-15000
-15000
-15000
-14800
-14000
-14000
-13000
-12000
-12000
-12000
-12000
-12000
-12000
-11500
-11000
-11000
-10000
-10000
-10000
-10000
-10000
-10000
-10000
-10000
-10000
-10000
-10000
-10000
-10000
-10000
-10000
-10000
-9831
-9000
-9000
-9000
-9000
-9000
-9000
-9000
-9000
-8500
-8500
-8500
-8300
-8000
-8000
-8000
-8000
-8000
-8000
-8000
-8000
-8000
-8000
-8000
-8000
-7911
-7500
-7500
-7500
-7500
-7500
-7500
-7500
-7500
-7220
-7200
-7000
-7000
-7000
-7000
-7000
-7000
-6500
-6500
-6500
-6440
-6250
-6100
-6100
-6000
-6000
-6000
-6000
-5800
-5760
-5700
-5700
-5677
-5600
-5600
-5500
-5500
-5500
-5450
-5300
-5200
-5200
-5200
-5000
-5000
-5000
-5000
-5000
-5000
-5000
-4800
-4700
-4500
-4500
-4500
-4500
-4500
-4350
-4004
-4000
-4000
-4000
-4000
-4000
-4000
-4000
-4000
-3900
-3900
-3800
-3750
-3700
-3650
-3630
-3600
-3550
-3500
-3500
-3500
-3450
-3400
-3400
-3300
-3300
-3200
-3200
-3200
-3200
-3200
-3102
-3100
-3100
-3100
-3000
-3000
-3000
-3000
-3000
-3000
-3000
-3000
-3000
-3000
-3000
-3000
-3000
-3000
-3000
-3000
-3000
-3000
-3000
-2900
-2800
-2800
-2800
-2760
-2750
-2737
-2700
-2700
-2700
-2670
-2650
-2610
-2600
-2600
-2600
-2600
-2600
-2600
-2560
-2500
-2500
-2500
-2500
-2500
-2500
-2500
-2500
-2500
-2450
-2400
-2400
-2345
-2334
-2300
-2270
-2270
-2230
-2230
-2220
-2200
-2200
-2100
-2100
-2100
-2050
-2040
-2000
-2000
-2000
-2000
-2000
-2000
-1900
-1900
-1900
-1900
-1850
-1801
-1800
-1770
-1770
-1763
-1760
-1760
-1758
-1740
-1740
-1732
-1732
-1732
-1702
-1702
-1700
-1700
-1700
-1700
-1700
-1700
-1650
-1650
-1600
-1600
-1600
-1600
-1600
-1600
-1595
-1570
-1550
-1550
-1530
-1523
-1506
-1500
-1500
-1500
-1500
-1493
-1460
-1457
-1450
-1447
-1441
-1437
-1430
-1429
-1408
-1400
-1400
-1400
-1372
-1353
-1279
-1278
-1270
-1260
-1260
-1250
-1250
-1250
-1237
-1200
-1200
-1200
-1200
-1200
-1200
-1199
-1199
-1180
-1180
-1110
-1100
-1100
-1100
-1070
-1046
-1046
-1020
-1000
-1000
-1000
-1000
-980
-950
-934
-854
-850
-800
-800
-800
-776
-760
-753
-750
-745
-740
-736
-732
-722
-722
-710
-703
-701
-700
-685
-678
-671
-668
-660
-660
-656
-655
-653
-652
-650
-642
-626
-626
-625
-614
-612
-612
-609
-608
-605
-604
-600
-600
-600
-600
-600
-600
-600
-599
-586
-575
-570
-552
-551
-550
-550
-549
-546
-544
-543
-539
-530
-527
-525
-518
-512
-512
-510
-509
-509
-508
-500
-500
-500
-500
-500
-500
-500
-500
-499
-499
-499
-499
-499
-498
-493
-492
-490
-487
-480
-480
-480
-480
-480
-480
-480
-477
-476
-475
-475
-465
-463
-460
-458
-458
-450
-450
-450
-449
-447
-445
-441
-440
-440
-440
-431
-431
-429
-428
-427
-426
-424
-421
-421
-421
-420
-411
-411
-410
-410
-408
-405
-400
-400
-400
-400
-399
-399
-399
-395
-390
-390
-387
-385
-385
-384
-380
-380
-379
-372
-370
-365
-361
-358
-357
-356
-352
-350
-350
-350
-350
-350
-350
-343
-343
-341
-340
-340
-336
-335
-334
-334
-331
-331
-330
-327
-326
-323
-323
-323
-323
-321
-321
-315
-312
-311
-310
-305
-305
-305
-305
-300
-300
-300
-300
-299
-298
-295
-290
-281
-280
-274
-274
-273
-267
-265
-264
-264
-260
-257
-250
-250
-250
-247
-245
-241
-238
-237
-237
-230
-230
-230
-230
-230
-229
-228
-226
-226
-225
-225
-222
-222
-222
-221
-221
-221
-221
-221
-219
-218
-215
-215
-214
-210
-210
-209
-208
-207
-206
-206
-206
-206
-206
-205
-205
-202
-202
-200
-200
-200
-196
-195
-191
-190
-189
-188
-185
-185
-181
-180
-171
-170
-167
-167
-162
-155
-154
-150
-150
-150
-149
-149
-146
-146
-146
-146
-138
-135
-135
-130
-129
-122
-121
-120
-120
-113
-111
-109
-109
-109
-104
-100
-100
-100
-99
-91
-89
-89
-88
-85
-83
-82
-80
-75
-74
-73
-73
-65
-65
-63
-63
-58
-57
-56
-55
-55
-53
-51
-50
-50
-49
-49
-47
-44
-44
-44
-44
-44
-44
-41
-40
-40
-37
-34
-32
-30
-29
-27
-27
-25
-24
-18
-18
-16
-15
-11
-10
-8
-7
2
2
2
8
8
8
9
9
11
14
17
21
23
26
27
29
37
37
40
40
41
41
42
43
43
50
54
55
58
60
62
62
64
65
65
66
67
68
69
69
70
70
70
79
81
84
92
96
98
100
100
100
100
100
100
101
105
105
106
110
115
117
117
117
117
117
117
118
120
120
121
123
125
132
135
135
138
142
148
149
150
150
150
150
158
165
166
180
180
184
190
192
192
194
200
200
200
200
205
212
216
220
220
220
220
221
224
224
225
226
228
229
232
238
247
250
250
250
250
250
250
260
260
263
263
265
265
270
270
271
272
273
274
279
280
285
285
285
286
291
292
296
300
300
300
313
315
320
325
325
330
330
330
330
335
350
350
350
350
351
370
376
378
378
378
380
380
381
381
387
393
395
395
395
395
397
398
398
401
405
406
406
407
408
410
415
420
420
420
424
428
429
431
434
439
439
449
450
451
451
451
453
455
455
455
455
468
469
476
476
476
480
480
481
496
500
500
502
519
526
526
526
527
531
532
532
532
533
534
535
537
541
541
544
550
553
555
562
567
581
587
588
589
600
600
606
607
610
610
613
614
618
618
619
627
628
629
630
632
632
632
632
632
633
634
634
637
638
638
639
639
640
640
640
644
645
647
648
650
650
651
651
656
657
660
661
661
661
665
668
670
672
672
680
680
680
683
684
690
692
698
699
700
700
706
711
712
713
715
717
718
719
720
735
742
746
750
750
750
750
750
751
753
753
754
755
757
766
768
772
780
787
790
792
796
800
800
800
802
803
811
819
820
821
833
836
838
839
840
843
847
848
850
850
867
869
870
870
873
878
880
893
895
895
899
900
900
900
900
907
911
913
915
918
921
925
926
934
935
940
950
950
955
958
960
962
963
966
970
973
977
982
984
992
999
999
1000
1000
1000
1000
1000
1000
1000
1000
1000
1000
1000
1001
1002
1002
1004
1010
1013
1014
1015
1016
1018
1018
1018
1019
1020
1021
1026
1030
1031
1033
1035
1037
1038
1040
1040
1045
1050
1050
1050
1050
1051
1053
1054
1054
1055
1059
1059
1063
1063
1065
1066
1066
1070
1070
1076
1077
1080
1083
1091
1091
1093
1096
1100
1100
1100
1100
1100
1101
1107
1108
1110
1115
1120
1121
1122
1122
1123
1125
1125
1127
1137
1138
1139
1139
1139
1140
1141
1143
1145
1147
1147
1147
1147
1148
1148
1150
1150
1150
1153
1153
1154
1154
1156
1160
1163
1169
1170
1171
1171
1171
1174
1175
1177
1179
1179
1180
1180
1180
1180
1182
1183
1185
1185
1187
1189
1189
1190
1192
1194
1194
1195
1195
1200
1200
1200
1200
1200
1200
1200
1200
1202
1202
1203
1204
1204
1204
1204
1204
1206
1206
1206
1206
1208
1209
1209
1210
1212
1212
1213
1214
1214
1215
1215
1215
1216
1217
1218
1220
1220
1220
1221
1222
1225
1226
1226
1227
1228
1229
1229
1230
1230
1230
1230
1234
1234
1235
1235
1236
1237
1238
1240
1240
1240
1242
1242
1242
1244
1244
1245
1248
1249
1249
1250
1250
1250
1250
1253
1253
1256
1257
1258
1258
1259
1260
1260
1261
1261
1261
1262
1264
1265
1265
1266
1266
1266
1267
1267
1267
1269
1270
1270
1271
1271
1271
1271
1271
1277
1277
1277
1279
1279
1280
1281
1282
1283
1283
1286
1289
1290
1290
1290
1291
1291
1293
1293
1295
1295
1296
1296
1299
1300
1300
1301
1302
1302
1303
1303
1304
1305
1305
1309
1309
1315
1315
1317
1320
1320
1323
1323
1323
1326
1326
1327
1329
1332
1335
1336
1337
1338
1338
1338
1339
1340
1340
1341
1341
1341
1342
1343
1343
1343
1345
1346
1346
1350
1350
1350
1350
1350
1350
1351
1354
1354
1355
1355
1355
1355
1356
1356
1358
1358
1359
1366
1368
1368
1368
1368
1370
1370
1370
1370
1371
1371
1373
1375
1378
1379
1380
1380
1380
1381
1382
1382
1383
1385
1385
1386
1386
1387
1387
1390
1390
1392
1397
1397
1397
1398
1400
1400
1401
1402
1402
1405
1406
1407
1411
1412
1413
1414
1415
1415
1419
1420
1421
1422
1422
1422
1422
1424
1425
1427
1428
1428
1429
1429
1431
1431
1431
1432
1432
1432
1433
1433
1434
1434
1435
1435
1438
1440
1440
1440
1441
1443
1444
1444
1445
1446
1446
1446
1448
1448
1451
1452
1453
1453
1454
1454
1454
1455
1455
1455
1456
1456
1456
1456
1459
1459
1460
1461
1462
1462
1463
1464
1465
1465
1465
1466
1466
1467
1468
1468
1469
1470
1470
1470
1472
1472
1473
1474
1474
1475
1475
1475
1475
1478
1478
1478
1479
1479
1480
1480
1482
1482
1482
1482
1482
1482
1483
1484
1484
1485
1485
1486
1488
1489
1489
1489
1489
1489
1489
1490
1490
1491
1491
1492
1492
1492
1493
1493
1493
1494
1494
1494
1494
1494
1495
1495
1496
1496
1497
1497
1498
1499
1499
1499
1499
1499
1499
1500
1500
1500
1500
1500
1500
1500
1500
1500
1500
1501
1501
1501
1502
1502
1502
1502
1503
1503
1504
1504
1504
1504
1504
1504
1504
1506
1506
1508
1508
1508
1509
1509
1509
1510
1510
1510
1510
1510
1511
1512
1512
1512
1513
1513
1514
1514
1514
1514
1515
1515
1515
1516
1516
1516
1516
1517
1517
1517
1517
1517
1518
1518
1519
1519
1519
1519
1519
1519
1519
1520
1521
1521
1521
1521
1522
1522
1522
1522
1522
1523
1524
1524
1524
1524
1524
1525
1525
1525
1526
1526
1526
1526
1526
1526
1526
1526
1526
1526
1527
1527
1527
1527
1527
1528
1528
1528
1528
1529
1529
1529
1529
1529
1529
1529
1529
1530
1531
1531
1532
1532
1532
1532
1533
1533
1533
1534
1534
1534
1534
1534
1534
1536
1536
1537
1537
1538
1540
1540
1540
1540
1541
1541
1541
1542
1542
1542
1542
1543
1543
1543
1543
1544
1544
1546
1546
1546
1549
1549
1550
1550
1550
1550
1550
1550
1551
1551
1551
1552
1552
1552
1552
1554
1554
1554
1555
1555
1556
1556
1556
1556
1556
1557
1557
1558
1558
1559
1559
1560
1560
1560
1560
1561
1561
1562
1562
1562
1562
1562
1562
1562
1562
1563
1563
1563
1563
1563
1564
1565
1565
1566
1566
1567
1567
1568
1568
1568
1568
1568
1569
1569
1569
1569
1569
1570
1570
1570
1571
1571
1572
1573
1573
1575
1576
1576
1576
1576
1576
1576
1577
1577
1579
1579
1579
1580
1580
1580
1580
1582
1582
1583
1583
1584
1584
1584
1584
1585
1585
1585
1585
1585
1586
1587
1589
1590
1590
1590
1590
1591
1591
1592
1592
1592
1592
1592
1593
1593
1593
1593
1594
1595
1595
1595
1596
1596
1596
1596
1597
1597
1598
1598
1598
1598
1598
1598
1599
1599
1599
1599
1600
1600
1600
1600
1600
1600
1600
1600
1601
1601
1601
1601
1602
1603
1603
1603
1603
1604
1604
1605
1605
1606
1606
1606
1606
1607
1608
1608
1608
1609
1609
1609
1609
1609
1609
1609
1610
1610
1610
1610
1610
1610
1610
1610
1610
1610
1610
1611
1611
1611
1612
1612
1613
1613
1613
1614
1614
1614
1615
1615
1615
1616
1616
1616
1616
1617
1617
1618
1618
1618
1619
1619
1619
1620
1621
1621
1621
1621
1622
1622
1623
1625
1625
1625
1625
1626
1626
1627
1627
1627
1628
1628
1628
1628
1628
1629
1629
1629
1629
1629
1630
1630
1630
1630
1630
1630
1630
1631
1631
1632
1632
1632
1633
1633
1633
1634
1634
1634
1635
1635
1635
1635
1636
1636
1636
1636
1637
1638
1638
1638
1638
1639
1639
1639
1639
1640
1640
1640
1640
1640
1641
1641
1641
1641
1642
1642
1642
1642
1642
1642
1642
1643
1643
1643
1643
1644
1644
1644
1644
1644
1645
1645
1646
1647
1647
1647
1648
1648
1648
1648
1648
1648
1648
1649
1649
1649
1649
1649
1649
1650
1650
1650
1650
1650
1650
1651
1651
1651
1652
1652
1653
1653
1653
1654
1654
1654
1654
1655
1655
1655
1655
1655
1655
1656
1656
1656
1656
1656
1656
1656
1656
1656
1656
1656
1656
1656
1656
1656
1657
1657
1657
1657
1657
1657
1657
1657
1658
1658
1658
1658
1658
1658
1659
1659
1659
1660
1660
1660
1661
1661
1661
1661
1662
1662
1662
1662
1663
1663
1663
1663
1664
1665
1665
1665
1665
1665
1665
1665
1666
1666
1666
1667
1667
1667
1667
1667
1667
1667
1668
1668
1668
1668
1668
1668
1668
1668
1668
1668
1669
1669
1670
1670
1670
1670
1670
1670
1671
1672
1672
1672
1672
1673
1673
1674
1674
1674
1675
1675
1675
1675
1675
1675
1675
1676
1676
1676
1676
1676
1677
1677
1677
1678
1678
1678
1678
1678
1678
1679
1679
1679
1679
1680
1681
1681
1682
1683
1683
1683
1683
1683
1684
1684
1685
1686
1686
1686
1687
1687
1687
1687
1687
1687
1688
1689
1689
1689
1689
1689
1689
1689
1690
1691
1693
1694
1695
1696
1697
1698
1698
1698
1699
1699
1699
1699
1700
1700
1700
1700
1700
1700
1701
1701
1701
1701
1701
1701
1702
1702
1702
1703
1703
1703
1704
1704
1705
1705
1705
1706
1706
1707
1707
1707
1708
1709
1709
1709
1709
1709
1710
1710
1710
1710
1710
1711
1711
1711
1712
1712
1713
1713
1713
1713
1713
1713
1714
1714
1714
1714
1714
1714
1715
1715
1715
1715
1715
1715
1715
1716
1717
1717
1717
1717
1717
1718
1718
1718
1718
1718
1719
1719
1719
1720
1720
1720
1720
1720
1720
1721
1721
1721
1721
1721
1722
1722
1722
1722
1723
1723
1724
1725
1725
1725
1725
1726
1726
1726
1727
1727
1728
1728
1728
1728
1728
1729
1729
1729
1730
1731
1731
1731
1731
1732
1732
1732
1732
1732
1733
1733
1733
1733
1733
1733
1734
1734
1735
1735
1735
1735
1736
1736
1736
1736
1737
1738
1738
1738
1738
1738
1738
1738
1738
1739
1739
1739
1739
1739
1740
1740
1740
1740
1740
1741
1741
1741
1742
1742
1742
1742
1743
1743
1743
1743
1743
1743
1743
1744
1744
1744
1744
1745
1745
1745
1745
1746
1746
1747
1747
1747
1747
1748
1748
1749
1749
1749
1750
1750
1750
1750
1750
1751
1751
1752
1752
1754
1754
1754
1754
1754
1755
1755
1755
1756
1756
1756
1756
1757
1757
1757
1757
1758
1758
1758
1759
1759
1759
1759
1759
1760
1760
1761
1761
1761
1762
1762
1762
1762
1762
1762
1762
1762
1762
1763
1763
1763
1763
1763
1763
1763
1764
1764
1764
1765
1765
1766
1766
1766
1767
1767
1767
1767
1768
1768
1768
1768
1768
1768
1768
1768
1769
1769
1769
1769
1769
1769
1769
1770
1770
1770
1770
1770
1770
1770
1770
1771
1771
1771
1771
1772
1772
1772
1772
1773
1773
1773
1774
1774
1774
1775
1775
1775
1775
1775
1775
1775
1775
1775
1776
1776
1776
1776
1776
1776
1776
1776
1777
1777
1777
1777
1777
1778
1778
1778
1778
1778
1778
1778
1778
1778
1778
1779
1779
1779
1779
1779
1779
1780
1780
1780
1780
1780
1780
1780
1780
1780
1781
1781
1781
1781
1782
1782
1782
1782
1782
1782
1783
1783
1783
1783
1783
1783
1784
1784
1784
1784
1784
1784
1784
1784
1785
1785
1785
1785
1785
1785
1785
1785
1785
1785
1786
1786
1786
1786
1786
1786
1786
1786
1786
1787
1787
1787
1787
1787
1787
1787
1787
1787
1787
1788
1788
1788
1788
1788
1788
1788
1788
1789
1789
1789
1789
1789
1789
1789
1789
1789
1789
1789
1790
1790
1790
1790
1790
1790
1791
1791
1791
1791
1791
1791
1791
1791
1791
1791
1791
1791
1792
1792
1792
1792
1792
1792
1792
1792
1792
1792
1793
1793
1793
1793
1793
1793
1793
1793
1793
1794
1794
1794
1794
1794
1794
1794
1794
1795
1795
1795
1795
1795
1795
1795
1795
1795
1795
1795
1795
1796
1796
1796
1796
1796
1796
1796
1796
1796
1796
1796
1796
1796
1796
1796
1796
1796
1797
1797
1797
1797
1797
1797
1798
1798
1798
1798
1798
1798
1798
1799
1799
1799
1800
1800
1800
1800
1800
1800
1800
1800
1800
1800
1800
1800
1800
1800
1800
1800
1801
1801
1801
1801
1801
1801
1801
1801
1801
1801
1801
1801
1801
1802
1802
1802
1802
1802
1802
1802
1802
1802
1803
1803
1803
1803
1803
1803
1803
1803
1803
1804
1804
1804
1804
1804
1804
1804
1804
1804
1804
1804
1804
1804
1804
1805
1805
1805
1805
1805
1805
1805
1805
1805
1805
1805
1805
1806
1806
1806
1806
1806
1806
1807
1807
1807
1807
1807
1807
1807
1807
1807
1807
1807
1807
1808
1808
1808
1808
1808
1808
1808
1808
1808
1808
1808
1808
1809
1809
1809
1809
1809
1809
1809
1809
1809
1809
1809
1809
1809
1809
1809
1809
1810
1810
1810
1810
1810
1810
1810
1810
1810
1810
1810
1810
1810
1810
1810
1810
1810
1810
1810
1810
1811
1811
1811
1811
1811
1811
1811
1811
1811
1811
1811
1811
1811
1811
1811
1811
1811
1812
1812
1812
1812
1812
1812
1812
1813
1813
1813
1813
1813
1813
1813
1813
1813
1813
1813
1813
1813
1813
1814
1814
1814
1814
1814
1814
1814
1814
1814
1814
1814
1814
1814
1814
1814
1814
1815
1815
1815
1815
1815
1815
1815
1815
1815
1815
1815
1815
1815
1815
1815
1815
1816
1816
1816
1816
1816
1816
1816
1816
1816
1816
1816
1817
1817
1817
1817
1817
1817
1817
1817
1817
1818
1818
1818
1818
1818
1818
1818
1818
1818
1818
1819
1819
1819
1820
1820
1820
1820
1820
1820
1820
1820
1820
1820
1821
1821
1821
1821
1821
1821
1821
1821
1821
1821
1821
1821
1821
1821
1821
1821
1821
1821
1821
1822
1822
1822
1822
1822
1822
1822
1822
1822
1823
1823
1823
1823
1823
1823
1823
1823
1823
1823
1823
1823
1823
1824
1824
1824
1824
1824
1824
1824
1824
1824
1824
1825
1825
1825
1825
1825
1825
1825
1825
1825
1825
1825
1825
1825
1825
1825
1825
1825
1825
1826
1826
1826
1826
1826
1826
1826
1826
1826
1826
1826
1826
1827
1827
1827
1827
1827
1827
1827
1827
1828
1828
1828
1828
1828
1828
1828
1828
1829
1829
1829
1829
1829
1829
1829
1829
1829
1829
1829
1829
1830
1830
1830
1830
1830
1830
1830
1830
1830
1830
1830
1830
1830
1830
1830
1830
1830
1830
1831
1831
1831
1831
1831
1831
1831
1831
1831
1831
1831
1831
1831
1831
1831
1831
1832
1832
1832
1832
1832
1832
1832
1832
1832
1832
1833
1833
1833
1833
1833
1833
1833
1833
1833
1833
1833
1833
1833
1834
1834
1834
1834
1834
1834
1834
1834
1834
1834
1834
1835
1835
1835
1835
1835
1835
1835
1835
1835
1835
1835
1835
1835
1835
1835
1835
1835
1836
1836
1836
1836
1836
1836
1836
1836
1837
1837
1837
1837
1837
1837
1837
1837
1837
1837
1837
1837
1838
1838
1838
1838
1838
1838
1838
1838
1838
1838
1838
1838
1838
1838
1838
1839
1839
1839
1839
1839
1839
1839
1839
1839
1839
1839
1839
1839
1840
1840
1840
1840
1840
1840
1840
1840
1840
1840
1841
1841
1841
1841
1841
1841
1842
1842
1842
1842
1842
1842
1842
1842
1842
1842
1843
1843
1843
1843
1843
1843
1843
1843
1843
1843
1843
1843
1843
1843
1843
1844
1844
1844
1844
1844
1844
1844
1844
1844
1844
1844
1844
1844
1844
1845
1845
1845
1845
1845
1845
1845
1845
1845
1845
1845
1845
1846
1846
1846
1846
1846
1846
1846
1846
1846
1846
1846
1846
1846
1846
1846
1846
1846
1846
1847
1847
1847
1847
1847
1847
1847
1847
1847
1847
1847
1847
1847
1847
1847
1848
1848
1848
1848
1848
1848
1848
1848
1848
1848
1848
1848
1848
1848
1848
1848
1848
1848
1848
1849
1849
1849
1849
1849
1849
1849
1849
1849
1849
1849
1849
1849
1849
1849
1850
1850
1850
1850
1850
1850
1850
1850
1850
1850
1850
1850
1850
1850
1850
1850
1850
1850
1851
1851
1851
1851
1851
1851
1851
1851
1851
1851
1851
1851
1851
1851
1851
1851
1851
1851
1851
1851
1851
1852
1852
1852
1852
1852
1852
1852
1852
1852
1852
1852
1852
1852
1852
1852
1852
1852
1853
1853
1853
1853
1853
1853
1853
1853
1853
1854
1854
1854
1854
1854
1854
1854
1854
1854
1855
1855
1855
1855
1855
1855
1855
1855
1855
1855
1855
1855
1855
1855
1855
1855
1855
1855
1855
1855
1855
1855
1855
1855
1855
1855
1855
1855
1855
1856
1856
1856
1856
1856
1856
1856
1856
1856
1856
1856
1857
1857
1857
1857
1857
1857
1857
1857
1857
1857
1857
1857
1857
1857
1857
1857
1857
1857
1858
1858
1858
1858
1858
1858
1858
1858
1858
1858
1858
1858
1859
1859
1859
1859
1859
1859
1859
1859
1859
1859
1859
1859
1859
1859
1859
1859
1859
1859
1859
1859
1860
1860
1860
1860
1860
1860
1860
1860
1860
1860
1861
1861
1861
1861
1861
1861
1861
1861
1861
1861
1861
1861
1861
1861
1861
1861
1861
1861
1862
1862
1862
1862
1862
1862
1862
1862
1862
1862
1862
1862
1862
1862
1862
1863
1863
1863
1863
1863
1863
1863
1863
1863
1863
1863
1863
1863
1863
1863
1863
1863
1863
1863
1864
1864
1864
1864
1864
1864
1864
1864
1864
1864
1864
1864
1864
1864
1864
1864
1864
1864
1864
1864
1864
1865
1865
1865
1865
1865
1865
1865
1865
1865
1865
1865
1865
1865
1865
1865
1865
1865
1865
1865
1865
1865
1865
1865
1865
1866
1866
1866
1866
1866
1866
1866
1866
1866
1866
1866
1866
1866
1866
1866
1866
1867
1867
1867
1867
1867
1867
1867
1867
1867
1867
1867
1867
1867
1867
1867
1867
1867
1867
1867
1868
1868
1868
1868
1868
1868
1868
1868
1868
1868
1868
1868
1868
1868
1868
1868
1868
1868
1868
1868
1868
1868
1868
1868
1868
1868
1868
1868
1868
1869
1869
1869
1869
1869
1869
1869
1869
1869
1869
1869
1869
1870
1870
1870
1870
1870
1870
1870
1870
1870
1870
1870
1871
1871
1871
1871
1871
1871
1871
1871
1871
1871
1871
1871
1871
1871
1871
1871
1871
1871
1871
1871
1871
1872
1872
1872
1872
1872
1872
1872
1872
1872
1873
1873
1873
1873
1873
1873
1873
1873
1873
1873
1873
1873
1874
1874
1874
1874
1874
1874
1874
1874
1874
1874
1874
1874
1874
1874
1874
1874
1875
1875
1875
1875
1875
1875
1875
1875
1875
1875
1875
1875
1875
1875
1876
1876
1876
1876
1876
1876
1876
1876
1876
1876
1876
1876
1876
1876
1876
1876
1876
1876
1876
1876
1876
1876
1877
1877
1877
1877
1877
1877
1877
1877
1877
1877
1877
1877
1877
1877
1877
1877
1877
1877
1877
1877
1877
1877
1877
1877
1877
1878
1878
1878
1878
1878
1878
1878
1878
1878
1878
1878
1878
1878
1878
1878
1878
1878
1879
1879
1879
1879
1879
1879
1879
1879
1879
1879
1879
1879
1879
1879
1879
1879
1879
1879
1879
1880
1880
1880
1880
1880
1880
1880
1880
1880
1880
1881
1881
1881
1881
1881
1881
1881
1881
1881
1881
1881
1881
1881
1881
1881
1881
1881
1881
1881
1881
1881
1881
1881
1881
1882
1882
1882
1882
1882
1882
1882
1882
1883
1883
1883
1883
1883
1883
1883
1883
1883
1883
1883
1883
1884
1884
1884
1884
1884
1884
1884
1884
1884
1884
1884
1884
1884
1884
1884
1884
1884
1884
1884
1885
1885
1885
1885
1885
1885
1885
1885
1885
1885
1885
1885
1885
1885
1885
1885
1885
1885
1885
1885
1885
1885
1885
1885
1885
1885
1885
1885
1885
1885
1886
1886
1886
1886
1886
1886
1886
1886
1886
1886
1886
1886
1886
1886
1886
1886
1886
1886
1886
1886
1886
1886
1886
1887
1887
1887
1887
1887
1887
1887
1887
1887
1887
1887
1887
1887
1887
1887
1887
1887
1888
1888
1888
1888
1888
1888
1888
1888
1888
1888
1888
1888
1888
1888
1888
1888
1888
1888
1889
1889
1889
1889
1889
1889
1889
1889
1889
1889
1889
1889
1889
1889
1889
1889
1889
1889
1889
1890
1890
1890
1890
1890
1890
1890
1890
1890
1890
1890
1890
1890
1890
1890
1890
1890
1890
1890
1890
1891
1891
1891
1891
1891
1891
1891
1891
1891
1891
1891
1891
1891
1892
1892
1892
1892
1892
1892
1892
1892
1892
1892
1892
1892
1892
1892
1892
1892
1892
1892
1892
1892
1892
1893
1893
1893
1893
1893
1893
1893
1893
1893
1893
1893
1893
1893
1893
1893
1893
1893
1894
1894
1894
1894
1894
1894
1894
1894
1894
1894
1894
1894
1894
1894
1894
1894
1895
1895
1895
1895
1895
1895
1895
1895
1895
1895
1895
1895
1895
1895
1895
1895
1895
1895
1895
1895
1895
1895
1895
1895
1895
1895
1896
1896
1896
1896
1896
1896
1896
1896
1896
1896
1896
1896
1896
1896
1896
1896
1896
1896
1896
1896
1897
1897
1897
1897
1897
1897
1897
1897
1897
1897
1897
1897
1897
1897
1897
1897
1897
1897
1897
1897
1897
1897
1897
1897
1897
1897
1897
1898
1898
1898
1898
1898
1898
1898
1898
1898
1898
1898
1898
1898
1898
1898
1898
1898
1898
1899
1899
1899
1899
1899
1899
1899
1899
1899
1899
1899
1899
1899
1899
1899
1899
1899
1899
1899
1899
1899
1899
1900
1900
1900
1900
1900
1900
1900
1900
1900
1900
1900
1900
1900
1900
1900
1900
1900
1900
1900
1900
1900
1900
1900
1900
1901
1901
1901
1901
1901
1901
1901
1901
1901
1901
1901
1901
1901
1901
1901
1901
1901
1901
1901
1901
1901
1902
1902
1902
1902
1902
1902
1902
1902
1902
1902
1902
1902
1902
1902
1902
1902
1902
1902
1902
1902
1902
1902
1902
1902
1902
1903
1903
1903
1903
1903
1903
1903
1903
1903
1903
1903
1903
1903
1903
1903
1903
1903
1903
1903
1903
1903
1903
1903
1903
1903
1903
1904
1904
1904
1904
1904
1904
1904
1904
1904
1904
1904
1904
1904
1904
1904
1904
1904
1904
1904
1904
1904
1904
1904
1904
1904
1904
1904
1905
1905
1905
1905
1905
1905
1905
1905
1905
1905
1905
1905
1905
1905
1905
1905
1905
1905
1905
1905
1905
1905
1905
1905
1905
1905
1905
1905
1905
1905
1906
1906
1906
1906
1906
1906
1906
1906
1906
1906
1906
1906
1906
1906
1906
1906
1906
1906
1906
1906
1906
1906
1906
1906
1906
1907
1907
1907
1907
1907
1907
1907
1907
1907
1907
1907
1907
1907
1907
1907
1907
1907
1908
1908
1908
1908
1908
1908
1908
1908
1908
1908
1908
1908
1908
1908
1908
1908
1908
1908
1908
1908
1908
1908
1908
1908
1908
1908
1908
1908
1909
1909
1909
1909
1909
1909
1909
1909
1909
1909
1909
1909
1909
1909
1909
1909
1909
1909
1909
1909
1910
1910
1910
1910
1910
1910
1910
1910
1910
1910
1910
1910
1910
1910
1910
1910
1910
1910
1910
1910
1910
1910
1910
1910
1910
1910
1910
1910
1910
1910
1910
1910
1910
1910
1910
1910
1910
1911
1911
1911
1911
1911
1911
1911
1911
1911
1911
1911
1911
1911
1911
1911
1911
1911
1911
1911
1911
1911
1911
1911
1911
1911
1911
1911
1911
1911
1911
1911
1911
1912
1912
1912
1912
1912
1912
1912
1912
1912
1912
1912
1912
1912
1912
1912
1912
1912
1912
1912
1912
1912
1912
1912
1912
1912
1912
1912
1912
1912
1912
1912
1912
1912
1912
1913
1913
1913
1913
1913
1913
1913
1913
1913
1913
1913
1913
1913
1913
1913
1913
1913
1913
1913
1913
1913
1913
1913
1913
1913
1913
1913
1913
1913
1913
1913
1913
1913
1913
1913
1914
1914
1914
1914
1914
1914
1914
1914
1914
1914
1914
1914
1914
1914
1914
1914
1914
1914
1914
1914
1914
1914
1914
1914
1915
1915
1915
1915
1915
1915
1915
1915
1915
1915
1915
1915
1915
1915
1915
1915
1915
1915
1915
1915
1915
1915
1915
1915
1915
1915
1915
1915
1915
1915
1915
1915
1915
1915
1916
1916
1916
1916
1916
1916
1916
1916
1916
1916
1916
1916
1916
1916
1916
1916
1916
1916
1916
1916
1916
1916
1916
1916
1916
1916
1916
1916
1916
1916
1916
1916
1917
1917
1917
1917
1917
1917
1917
1917
1917
1917
1917
1917
1917
1917
1917
1917
1917
1917
1917
1917
1917
1917
1917
1917
1917
1917
1917
1917
1917
1917
1917
1917
1917
1917
1918
1918
1918
1918
1918
1918
1918
1918
1918
1918
1918
1918
1918
1918
1918
1918
1918
1918
1918
1918
1918
1918
1918
1918
1918
1918
1918
1918
1918
1918
1918
1918
1918
1918
1918
1918
1918
1918
1918
1918
1918
1918
1918
1918
1918
1918
1918
1918
1918
1918
1918
1918
1918
1918
1918
1918
1918
1918
1919
1919
1919
1919
1919
1919
1919
1919
1919
1919
1919
1919
1919
1919
1919
1919
1919
1919
1919
1919
1919
1919
1919
1919
1919
1919
1919
1919
1919
1919
1919
1919
1919
1919
1919
1919
1919
1919
1919
1919
1919
1919
1919
1919
1919
1919
1919
1919
1920
1920
1920
1920
1920
1920
1920
1920
1920
1920
1920
1920
1920
1920
1920
1920
1920
1920
1920
1920
1920
1920
1920
1920
1920
1920
1920
1920
1920
1920
1920
1920
1920
1920
1920
1921
1921
1921
1921
1921
1921
1921
1921
1921
1921
1921
1921
1921
1921
1921
1921
1921
1921
1921
1921
1921
1921
1921
1921
1921
1921
1921
1921
1921
1921
1921
1921
1921
1921
1921
1921
1921
1921
1922
1922
1922
1922
1922
1922
1922
1922
1922
1922
1922
1922
1922
1922
1922
1922
1922
1922
1922
1922
1922
1922
1922
1922
1922
1922
1922
1922
1922
1922
1922
1922
1922
1922
1922
1923
1923
1923
1923
1923
1923
1923
1923
1923
1923
1923
1923
1923
1923
1923
1923
1923
1923
1923
1923
1923
1923
1923
1923
1923
1923
1923
1923
1923
1923
1923
1923
1923
1923
1923
1923
1923
1923
1924
1924
1924
1924
1924
1924
1924
1924
1924
1924
1924
1924
1924
1924
1924
1924
1924
1924
1924
1924
1924
1924
1924
1924
1924
1924
1925
1925
1925
1925
1925
1925
1925
1925
1925
1925
1925
1925
1925
1925
1925
1925
1925
1925
1925
1925
1925
1925
1925
1926
1926
1926
1926
1926
1926
1926
1926
1926
1926
1926
1926
1926
1926
1926
1926
1926
1926
1926
1926
1926
1926
1926
1926
1926
1926
1926
1926
1927
1927
1927
1927
1927
1927
1927
1927
1927
1927
1927
1927
1927
1927
1927
1927
1927
1927
1927
1927
1927
1927
1927
1927
1927
1927
1927
1927
1927
1927
1927
1927
1927
1927
1927
1927
1927
1927
1927
1927
1927
1927
1927
1927
1927
1928
1928
1928
1928
1928
1928
1928
1928
1928
1928
1928
1928
1928
1928
1928
1928
1928
1928
1928
1928
1928
1928
1928
1928
1928
1928
1928
1928
1928
1928
1928
1928
1928
1928
1928
1928
1928
1928
1929
1929
1929
1929
1929
1929
1929
1929
1929
1929
1929
1929
1929
1929
1929
1929
1929
1929
1929
1929
1929
1929
1929
1929
1929
1929
1929
1929
1929
1929
1929
1929
1929
1929
1929
1929
1929
1929
1929
1930
1930
1930
1930
1930
1930
1930
1930
1930
1930
1930
1930
1930
1930
1930
1930
1930
1930
1930
1930
1930
1930
1930
1930
1930
1930
1930
1930
1930
1930
1930
1930
1930
1930
1930
1930
1930
1930
1930
1930
1930
1930
1930
1930
1930
1930
1930
1930
1930
1931
1931
1931
1931
1931
1931
1931
1931
1931
1931
1931
1931
1931
1931
1931
1931
1931
1931
1931
1931
1931
1931
1931
1931
1931
1931
1931
1931
1931
1931
1931
1931
1931
1931
1931
1931
1931
1931
1932
1932
1932
1932
1932
1932
1932
1932
1932
1932
1932
1932
1932
1932
1932
1932
1932
1932
1932
1932
1932
1932
1932
1932
1932
1932
1932
1932
1932
1932
1932
1932
1932
1932
1932
1932
1932
1932
1933
1933
1933
1933
1933
1933
1933
1933
1933
1933
1933
1933
1933
1933
1933
1933
1933
1933
1933
1933
1933
1933
1933
1934
1934
1934
1934
1934
1934
1934
1934
1934
1934
1934
1934
1934
1934
1934
1934
1934
1934
1934
1934
1934
1934
1934
1934
1934
1934
1934
1934
1934
1934
1934
1934
1934
1934
1934
1934
1934
1934
1934
1935
1935
1935
1935
1935
1935
1935
1935
1935
1935
1935
1935
1935
1935
1935
1935
1935
1935
1935
1935
1935
1935
1935
1935
1935
1935
1935
1935
1935
1935
1935
1935
1935
1936
1936
1936
1936
1936
1936
1936
1936
1936
1936
1936
1936
1936
1936
1936
1936
1936
1936
1936
1936
1936
1936
1936
1936
1936
1936
1936
1936
1937
1937
1937
1937
1937
1937
1937
1937
1937
1937
1937
1937
1937
1937
1937
1937
1937
1937
1937
1937
1937
1937
1937
1937
1937
1937
1937
1937
1937
1937
1937
1937
1938
1938
1938
1938
1938
1938
1938
1938
1938
1938
1938
1938
1938
1938
1938
1938
1938
1938
1938
1938
1938
1938
1938
1938
1938
1938
1938
1938
1938
1938
1938
1938
1938
1938
1938
1939
1939
1939
1939
1939
1939
1939
1939
1939
1939
1939
1939
1939
1939
1939
1939
1939
1939
1939
1939
1939
1939
1939
1939
1939
1939
1939
1939
1939
1939
1939
1939
1939
1939
1939
1939
1939
1939
1939
1939
1939
1939
1939
1939
1940
1940
1940
1940
1940
1940
1940
1940
1940
1940
1940
1940
1940
1940
1940
1940
1940
1940
1940
1940
1940
1940
1940
1940
1940
1940
1940
1940
1940
1940
1940
1940
1940
1940
1940
1940
1940
1940
1940
1940
1940
1941
1941
1941
1941
1941
1941
1941
1941
1941
1941
1941
1941
1941
1941
1941
1941
1941
1941
1941
1941
1941
1941
1941
1941
1941
1941
1941
1941
1941
1941
1942
1942
1942
1942
1942
1942
1942
1942
1942
1942
1942
1942
1942
1942
1942
1942
1942
1942
1942
1942
1942
1942
1942
1942
1942
1942
1942
1942
1942
1942
1943
1943
1943
1943
1943
1943
1943
1943
1943
1943
1943
1943
1943
1943
1943
1943
1943
1943
1943
1943
1943
1943
1943
1943
1943
1944
1944
1944
1944
1944
1944
1944
1944
1944
1944
1944
1944
1944
1944
1944
1944
1944
1944
1944
1944
1944
1944
1944
1944
1944
1944
1944
1944
1944
1944
1944
1944
1944
1944
1945
1945
1945
1945
1945
1945
1945
1945
1945
1945
1945
1945
1945
1945
1945
1945
1945
1945
1945
1945
1945
1945
1945
1945
1945
1945
1945
1945
1945
1945
1945
1945
1945
1945
1945
1945
1945
1945
1945
1945
1945
1946
1946
1946
1946
1946
1946
1946
1946
1946
1946
1946
1946
1946
1946
1946
1946
1946
1946
1946
1946
1946
1946
1946
1946
1946
1946
1946
1946
1946
1946
1946
1946
1946
1946
1946
1946
1947
1947
1947
1947
1947
1947
1947
1947
1947
1947
1947
1947
1947
1947
1947
1947
1947
1947
1947
1947
1947
1947
1947
1947
1947
1947
1947
1947
1947
1947
1947
1947
1947
1947
1947
1947
1947
1947
1947
1947
1947
1947
1947
1947
1947
1948
1948
1948
1948
1948
1948
1948
1948
1948
1948
1948
1948
1948
1948
1948
1948
1948
1948
1948
1948
1948
1948
1948
1948
1948
1948
1948
1948
1948
1948
1948
1948
1948
1948
1948
1948
1948
1948
1948
1948
1948
1948
1948
1948
1949
1949
1949
1949
1949
1949
1949
1949
1949
1949
1949
1949
1949
1949
1949
1949
1949
1949
1949
1949
1949
1949
1949
1949
1949
1949
1949
1949
1949
1949
1949
1949
1949
1949
1949
1949
1949
1949
1949
1949
1949
1949
1950
1950
1950
1950
1950
1950
1950
1950
1950
1950
1950
1950
1950
1950
1950
1950
1950
1950
1950
1950
1950
1950
1950
1950
1950
1950
1950
1950
1950
1950
1950
1950
1950
1950
1950
1950
1950
1950
1950
1950
1950
1950
1950
1950
1951
1951
1951
1951
1951
1951
1951
1951
1951
1951
1951
1951
1951
1951
1951
1951
1951
1951
1951
1951
1951
1951
1951
1951
1951
1951
1951
1951
1951
1951
1951
1951
1951
1951
1951
1951
1951
1951
1951
1951
1951
1951
1952
1952
1952
1952
1952
1952
1952
1952
1952
1952
1952
1952
1952
1952
1952
1952
1952
1952
1952
1952
1952
1952
1952
1952
1952
1952
1952
1952
1952
1952
1952
1952
1952
1953
1953
1953
1953
1953
1953
1953
1953
1953
1953
1953
1953
1953
1953
1953
1953
1953
1953
1953
1953
1953
1953
1953
1953
1953
1953
1953
1953
1953
1953
1953
1953
1953
1953
1953
1953
1953
1953
1953
1953
1953
1953
1953
1953
1953
1953
1953
1953
1954
1954
1954
1954
1954
1954
1954
1954
1954
1954
1954
1954
1954
1954
1954
1954
1954
1954
1954
1954
1954
1954
1954
1954
1954
1954
1954
1954
1954
1954
1954
1954
1954
1954
1954
1954
1954
1954
1954
1954
1954
1954
1954
1954
1954
1954
1955
1955
1955
1955
1955
1955
1955
1955
1955
1955
1955
1955
1955
1955
1955
1955
1955
1955
1955
1955
1955
1955
1955
1955
1955
1955
1955
1955
1955
1955
1955
1955
1955
1955
1955
1955
1955
1955
1955
1955
1955
1955
1955
1955
1955
1955
1956
1956
1956
1956
1956
1956
1956
1956
1956
1956
1956
1956
1956
1956
1956
1956
1956
1956
1956
1956
1956
1956
1956
1956
1956
1956
1956
1956
1956
1956
1956
1956
1956
1956
1956
1956
1956
1956
1956
1956
1956
1956
1956
1956
1956
1956
1957
1957
1957
1957
1957
1957
1957
1957
1957
1957
1957
1957
1957
1957
1957
1957
1957
1957
1957
1957
1957
1957
1957
1957
1957
1957
1957
1957
1957
1957
1957
1957
1957
1957
1957
1957
1957
1957
1957
1957
1957
1957
1957
1957
1957
1957
1957
1957
1957
1957
1957
1957
1957
1957
1957
1957
1957
1957
1958
1958
1958
1958
1958
1958
1958
1958
1958
1958
1958
1958
1958
1958
1958
1958
1958
1958
1958
1958
1958
1958
1958
1958
1958
1958
1958
1958
1958
1958
1958
1958
1958
1958
1958
1958
1958
1958
1958
1958
1958
1958
1958
1958
1958
1958
1958
1958
1958
1958
1959
1959
1959
1959
1959
1959
1959
1959
1959
1959
1959
1959
1959
1959
1959
1959
1959
1959
1959
1959
1959
1959
1959
1959
1959
1959
1959
1959
1959
1959
1959
1959
1959
1959
1959
1959
1959
1959
1959
1959
1959
1959
1959
1959
1959
1959
1959
1959
1959
1959
1960
1960
1960
1960
1960
1960
1960
1960
1960
1960
1960
1960
1960
1960
1960
1960
1960
1960
1960
1960
1960
1960
1960
1960
1960
1960
1960
1960
1960
1960
1960
1960
1960
1960
1960
1960
1960
1960
1960
1960
1960
1960
1960
1960
1960
1960
1960
1960
1960
1960
1960
1960
1960
1960
1960
1960
1960
1960
1961
1961
1961
1961
1961
1961
1961
1961
1961
1961
1961
1961
1961
1961
1961
1961
1961
1961
1961
1961
1961
1961
1961
1961
1961
1961
1961
1961
1961
1961
1961
1961
1961
1961
1961
1961
1961
1961
1961
1961
1961
1961
1961
1961
1961
1961
1961
1961
1961
1961
1961
1961
1961
1961
1961
1961
1961
1961
1961
1961
1961
1961
1961
1961
1961
1961
1961
1962
1962
1962
1962
1962
1962
1962
1962
1962
1962
1962
1962
1962
1962
1962
1962
1962
1962
1962
1962
1962
1962
1962
1962
1962
1962
1962
1962
1962
1962
1962
1962
1962
1962
1962
1962
1962
1962
1962
1962
1962
1962
1962
1962
1962
1962
1962
1962
1962
1962
1962
1962
1962
1962
1962
1962
1962
1962
1962
1962
1962
1962
1962
1962
1962
1962
1962
1962
1962
1962
1962
1963
1963
1963
1963
1963
1963
1963
1963
1963
1963
1963
1963
1963
1963
1963
1963
1963
1963
1963
1963
1963
1963
1963
1963
1963
1963
1963
1963
1963
1963
1963
1963
1963
1963
1963
1963
1963
1963
1963
1963
1963
1963
1963
1963
1963
1963
1963
1963
1963
1963
1963
1963
1963
1963
1963
1963
1963
1963
1963
1963
1963
1963
1963
1963
1963
1963
1963
1963
1963
1963
1963
1963
1964
1964
1964
1964
1964
1964
1964
1964
1964
1964
1964
1964
1964
1964
1964
1964
1964
1964
1964
1964
1964
1964
1964
1964
1964
1964
1964
1964
1964
1964
1964
1964
1964
1964
1964
1964
1964
1964
1964
1964
1964
1964
1964
1964
1964
1964
1964
1964
1964
1964
1964
1964
1964
1964
1964
1964
1964
1964
1964
1964
1964
1964
1964
1964
1964
1964
1964
1964
1964
1964
1964
1964
1964
1964
1964
1964
1964
1964
1964
1964
1964
1964
1964
1964
1964
1965
1965
1965
1965
1965
1965
1965
1965
1965
1965
1965
1965
1965
1965
1965
1965
1965
1965
1965
1965
1965
1965
1965
1965
1965
1965
1965
1965
1965
1965
1965
1965
1965
1965
1965
1965
1965
1965
1965
1965
1965
1965
1965
1965
1965
1965
1965
1965
1965
1965
1965
1965
1965
1965
1965
1965
1965
1965
1965
1965
1965
1965
1965
1965
1965
1965
1965
1965
1965
1965
1965
1965
1966
1966
1966
1966
1966
1966
1966
1966
1966
1966
1966
1966
1966
1966
1966
1966
1966
1966
1966
1966
1966
1966
1966
1966
1966
1966
1966
1966
1966
1966
1966
1966
1966
1966
1966
1966
1966
1966
1966
1966
1966
1966
1966
1966
1966
1966
1966
1966
1966
1966
1966
1966
1966
1966
1966
1966
1966
1966
1966
1966
1966
1966
1966
1966
1966
1966
1967
1967
1967
1967
1967
1967
1967
1967
1967
1967
1967
1967
1967
1967
1967
1967
1967
1967
1967
1967
1967
1967
1967
1967
1967
1967
1967
1967
1967
1967
1967
1967
1967
1967
1967
1967
1967
1967
1967
1967
1967
1967
1967
1967
1967
1967
1967
1967
1967
1967
1967
1967
1967
1967
1967
1967
1967
1967
1967
1967
1967
1967
1967
1967
1967
1967
1967
1967
1967
1967
1967
1967
1967
1967
1967
1967
1967
1967
1967
1968
1968
1968
1968
1968
1968
1968
1968
1968
1968
1968
1968
1968
1968
1968
1968
1968
1968
1968
1968
1968
1968
1968
1968
1968
1968
1968
1968
1968
1968
1968
1968
1968
1968
1968
1968
1968
1968
1968
1968
1968
1968
1968
1968
1968
1968
1968
1968
1968
1968
1968
1968
1968
1968
1968
1968
1968
1968
1968
1968
1968
1968
1968
1968
1968
1968
1968
1968
1968
1968
1968
1968
1968
1968
1968
1968
1968
1968
1968
1968
1969
1969
1969
1969
1969
1969
1969
1969
1969
1969
1969
1969
1969
1969
1969
1969
1969
1969
1969
1969
1969
1969
1969
1969
1969
1969
1969
1969
1969
1969
1969
1969
1969
1969
1969
1969
1969
1969
1969
1969
1969
1969
1969
1969
1969
1969
1969
1969
1969
1969
1969
1969
1969
1969
1969
1969
1969
1969
1969
1969
1969
1969
1969
1969
1969
1969
1969
1969
1969
1969
1969
1969
1969
1969
1969
1969
1969
1969
1969
1969
1969
1969
1969
1970
1970
1970
1970
1970
1970
1970
1970
1970
1970
1970
1970
1970
1970
1970
1970
1970
1970
1970
1970
1970
1970
1970
1970
1970
1970
1970
1970
1970
1970
1970
1970
1970
1970
1970
1970
1970
1970
1970
1970
1970
1970
1970
1970
1970
1970
1970
1970
1970
1970
1970
1970
1970
1970
1970
1970
1970
1970
1970
1970
1970
1970
1970
1970
1970
1970
1970
1970
1970
1971
1971
1971
1971
1971
1971
1971
1971
1971
1971
1971
1971
1971
1971
1971
1971
1971
1971
1971
1971
1971
1971
1971
1971
1971
1971
1971
1971
1971
1971
1971
1971
1971
1971
1971
1971
1971
1971
1971
1971
1971
1971
1971
1971
1971
1971
1971
1971
1971
1971
1971
1971
1971
1971
1971
1971
1972
1972
1972
1972
1972
1972
1972
1972
1972
1972
1972
1972
1972
1972
1972
1972
1972
1972
1972
1972
1972
1972
1972
1972
1972
1972
1972
1972
1972
1972
1972
1972
1972
1972
1972
1972
1972
1972
1972
1972
1972
1972
1972
1972
1972
1972
1972
1972
1972
1972
1972
1972
1972
1972
1973
1973
1973
1973
1973
1973
1973
1973
1973
1973
1973
1973
1973
1973
1973
1973
1973
1973
1973
1973
1973
1973
1973
1973
1973
1973
1973
1973
1973
1973
1973
1973
1973
1973
1973
1973
1973
1973
1973
1973
1973
1973
1973
1973
1973
1973
1973
1973
1973
1973
1973
1973
1973
1973
1973
1973
1973
1973
1973
1974
1974
1974
1974
1974
1974
1974
1974
1974
1974
1974
1974
1974
1974
1974
1974
1974
1974
1974
1974
1974
1974
1974
1974
1974
1974
1974
1974
1974
1974
1974
1974
1974
1974
1974
1974
1974
1974
1974
1974
1974
1974
1974
1974
1974
1974
1974
1974
1974
1974
1974
1974
1974
1974
1975
1975
1975
1975
1975
1975
1975
1975
1975
1975
1975
1975
1975
1975
1975
1975
1975
1975
1975
1975
1975
1975
1975
1975
1975
1975
1975
1975
1975
1975
1975
1975
1975
1975
1975
1975
1975
1975
1975
1975
1975
1975
1975
1975
1975
1975
1975
1975
1975
1975
1975
1975
1975
1975
1975
1975
1975
1975
1975
1975
1975
1975
1975
1975
1975
1975
1975
1975
1975
1976
1976
1976
1976
1976
1976
1976
1976
1976
1976
1976
1976
1976
1976
1976
1976
1976
1976
1976
1976
1976
1976
1976
1976
1976
1976
1976
1976
1976
1976
1976
1976
1976
1976
1976
1976
1976
1976
1976
1976
1976
1976
1976
1976
1977
1977
1977
1977
1977
1977
1977
1977
1977
1977
1977
1977
1977
1977
1977
1977
1977
1977
1977
1977
1977
1977
1977
1977
1977
1977
1977
1977
1977
1977
1977
1977
1977
1977
1977
1977
1977
1977
1977
1977
1977
1977
1977
1977
1977
1977
1977
1977
1977
1977
1977
1977
1977
1978
1978
1978
1978
1978
1978
1978
1978
1978
1978
1978
1978
1978
1978
1978
1978
1978
1978
1978
1978
1978
1978
1978
1978
1978
1978
1978
1978
1978
1978
1978
1978
1978
1978
1978
1978
1978
1978
1978
1978
1978
1978
1978
1978
1978
1978
1978
1978
1978
1979
1979
1979
1979
1979
1979
1979
1979
1979
1979
1979
1979
1979
1979
1979
1979
1979
1979
1979
1979
1979
1979
1979
1979
1979
1979
1979
1979
1979
1979
1979
1979
1979
1979
1979
1979
1979
1979
1979
1979
1979
1979
1979
1979
1979
1979
1979
1979
1979
1979
1979
1979
1979
1979
1979
1979
1979
1979
1979
1979
1979
1979
1980
1980
1980
1980
1980
1980
1980
1980
1980
1980
1980
1980
1980
1980
1980
1980
1980
1980
1980
1980
1980
1980
1980
1980
1980
1980
1980
1980
1980
1980
1980
1980
1980
1980
1980
1980
1980
1980
1980
1980
1980
1980
1980
1980
1980
1980
1980
1980
1980
1980
1980
1980
1980
1980
1980
1980
1981
1981
1981
1981
1981
1981
1981
1981
1981
1981
1981
1981
1981
1981
1981
1981
1981
1981
1981
1981
1981
1981
1981
1981
1981
1981
1981
1981
1981
1981
1981
1981
1981
1981
1981
1981
1981
1981
1981
1981
1981
1981
1981
1981
1981
1981
1981
1981
1981
1981
1981
1981
1981
1981
1981
1981
1981
1981
1981
1981
1981
1981
1981
1981
1981
1982
1982
1982
1982
1982
1982
1982
1982
1982
1982
1982
1982
1982
1982
1982
1982
1982
1982
1982
1982
1982
1982
1982
1982
1982
1982
1982
1982
1982
1982
1982
1982
1982
1982
1982
1982
1982
1982
1982
1982
1982
1982
1982
1982
1982
1982
1982
1982
1982
1983
1983
1983
1983
1983
1983
1983
1983
1983
1983
1983
1983
1983
1983
1983
1983
1983
1983
1983
1983
1983
1983
1983
1983
1983
1983
1983
1983
1983
1983
1983
1983
1983
1983
1983
1983
1983
1983
1983
1983
1983
1983
1984
1984
1984
1984
1984
1984
1984
1984
1984
1984
1984
1984
1984
1984
1984
1984
1984
1984
1984
1984
1984
1984
1984
1984
1984
1984
1984
1984
1984
1984
1984
1984
1984
1984
1984
1984
1984
1984
1984
1984
1984
1984
1984
1984
1984
1984
1984
1984
1985
1985
1985
1985
1985
1985
1985
1985
1985
1985
1985
1985
1985
1985
1985
1985
1985
1985
1985
1985
1985
1985
1985
1985
1985
1985
1985
1985
1985
1985
1985
1985
1985
1985
1985
1985
1985
1985
1985
1985
1985
1985
1985
1985
1985
1985
1986
1986
1986
1986
1986
1986
1986
1986
1986
1986
1986
1986
1986
1986
1986
1986
1986
1986
1986
1986
1986
1986
1986
1986
1986
1986
1986
1986
1986
1986
1986
1986
1986
1986
1986
1986
1986
1986
1986
1986
1986
1986
1986
1986
1986
1986
1986
1986
1986
1986
1986
1987
1987
1987
1987
1987
1987
1987
1987
1987
1987
1987
1987
1987
1987
1987
1987
1987
1987
1987
1987
1987
1987
1987
1987
1987
1987
1987
1987
1987
1987
1987
1987
1987
1987
1987
1987
1987
1987
1987
1987
1987
1987
1987
1987
1987
1987
1987
1988
1988
1988
1988
1988
1988
1988
1988
1988
1988
1988
1988
1988
1988
1988
1988
1988
1988
1988
1988
1988
1988
1988
1988
1988
1988
1988
1988
1988
1988
1988
1988
1988
1988
1988
1988
1988
1988
1989
1989
1989
1989
1989
1989
1989
1989
1989
1989
1989
1989
1989
1989
1989
1989
1989
1989
1989
1989
1989
1989
1989
1989
1989
1989
1989
1989
1989
1989
1989
1989
1989
1989
1989
1989
1989
1989
1989
1989
1989
1989
1989
1989
1989
1989
1989
1989
1989
1989
1989
1989
1989
1989
1989
1989
1990
1990
1990
1990
1990
1990
1990
1990
1990
1990
1990
1990
1990
1990
1990
1990
1990
1990
1990
1990
1990
1990
1990
1990
1990
1990
1990
1990
1990
1990
1990
1990
1990
1990
1990
1990
1990
1990
1990
1990
1990
1990
1990
1990
1990
1990
1990
1990
1990
1990
1990
1990
1990
1990
1990
1990
1990
1990
1990
1990
1990
1990
1990
1990
1990
1991
1991
1991
1991
1991
1991
1991
1991
1991
1991
1991
1991
1991
1991
1991
1991
1991
1991
1991
1991
1991
1991
1991
1991
1991
1991
1991
1991
1991
1991
1991
1991
1991
1991
1991
1991
1991
1991
1991
1991
1991
1991
1991
1991
1991
1991
1991
1991
1991
1991
1991
1991
1991
1991
1991
1991
1991
1991
1991
1991
1991
1991
1991
1991
1991
1991
1991
1991
1991
1991
1991
1992
1992
1992
1992
1992
1992
1992
1992
1992
1992
1992
1992
1992
1992
1992
1992
1992
1992
1992
1992
1992
1992
1992
1992
1992
1992
1992
1992
1992
1992
1992
1992
1992
1992
1992
1992
1992
1992
1992
1992
1992
1992
1992
1992
1992
1992
1992
1992
1992
1993
1993
1993
1993
1993
1993
1993
1993
1993
1993
1993
1993
1993
1993
1993
1993
1993
1993
1993
1993
1993
1993
1993
1993
1993
1993
1993
1993
1993
1993
1993
1993
1993
1993
1993
1993
1993
1993
1993
1993
1993
1993
1993
1993
1994
1994
1994
1994
1994
1994
1994
1994
1994
1994
1994
1994
1994
1994
1994
1994
1994
1994
1994
1994
1994
1994
1994
1994
1994
1994
1994
1994
1994
1994
1994
1994
1994
1994
1994
1994
1994
1994
1994
1994
1994
1994
1994
1994
1994
1994
1994
1994
1994
1994
1994
1994
1994
1995
1995
1995
1995
1995
1995
1995
1995
1995
1995
1995
1995
1995
1995
1995
1995
1995
1995
1995
1995
1995
1995
1995
1995
1995
1995
1995
1995
1995
1995
1995
1995
1995
1995
1995
1995
1995
1995
1995
1995
1995
1995
1995
1995
1995
1996
1996
1996
1996
1996
1996
1996
1996
1996
1996
1996
1996
1996
1996
1996
1996
1996
1996
1996
1996
1996
1996
1996
1996
1996
1996
1996
1996
1996
1996
1996
1996
1996
1996
1996
1996
1996
1996
1997
1997
1997
1997
1997
1997
1997
1997
1997
1997
1997
1997
1997
1997
1997
1997
1997
1997
1997
1997
1997
1997
1997
1997
1997
1997
1997
1997
1997
1997
1997
1997
1997
1997
1997
1997
1997
1997
1997
1997
1998
1998
1998
1998
1998
1998
1998
1998
1998
1998
1998
1998
1998
1998
1998
1998
1998
1998
1998
1998
1998
1998
1998
1998
1998
1998
1998
1998
1998
1998
1998
1998
1998
1998
1998
1998
1998
1998
1998
1998
1998
1998
1998
1998
1998
1999
1999
1999
1999
1999
1999
1999
1999
1999
1999
1999
1999
1999
1999
1999
1999
1999
1999
1999
1999
1999
1999
1999
1999
1999
1999
1999
1999
1999
1999
1999
1999
1999
1999
1999
1999
1999
1999
1999
1999
1999
1999
1999
1999
1999
1999
1999
1999
1999
1999
1999
2000
2000
2000
2000
2000
2000
2000
2000
2000
2000
2000
2000
2000
2000
2000
2000
2000
2000
2000
2000
2000
2000
2000
2000
2000
2000
2000
2000
2000
2000
2000
2000
2000
2000
2000
2000
2000
2001
2001
2001
2001
2001
2001
2001
2001
2001
2001
2001
2001
2001
2001
2001
2001
2001
2001
2001
2001
2001
2001
2001
2001
2001
2001
2001
2001
2001
2001
2001
2001
2001
2001
2001
2001
2001
2001
2001
2001
2001
2001
2001
2001
2001
2001
2001
2001
2001
2001
2001
2001
2001
2001
2001
2001
2001
2001
2001
2001
2001
2001
2002
2002
2002
2002
2002
2002
2002
2002
2002
2002
2002
2002
2002
2002
2002
2002
2002
2002
2002
2002
2002
2002
2002
2002
2002
2002
2002
2002
2002
2002
2002
2002
2002
2002
2002
2002
2002
2002
2002
2002
2002
2002
2002
2002
2002
2002
2002
2002
2002
2002
2002
2002
2002
2002
2003
2003
2003
2003
2003
2003
2003
2003
2003
2003
2003
2003
2003
2003
2003
2003
2003
2003
2003
2003
2003
2003
2003
2003
2003
2003
2003
2003
2003
2003
2003
2003
2003
2003
2003
2003
2003
2003
2003
2003
2003
2003
2003
2003
2003
2003
2003
2004
2004
2004
2004
2004
2004
2004
2004
2004
2004
2004
2004
2004
2004
2004
2004
2004
2004
2004
2004
2004
2004
2004
2004
2004
2004
2004
2004
2004
2004
2004
2004
2004
2004
2004
2004
2004
2004
2004
2004
2004
2004
2004
2004
2004
2004
2004
2005
2005
2005
2005
2005
2005
2005
2005
2005
2005
2005
2005
2005
2005
2005
2005
2005
2005
2005
2005
2005
2005
2005
2005
2005
2005
2005
2005
2005
2005
2005
2005
2005
2005
2005
2005
2005
2005
2005
2005
2005
2005
2005
2005
2005
2005
2005
2005
2005
2006
2006
2006
2006
2006
2006
2006
2006
2006
2006
2006
2006
2006
2006
2006
2006
2006
2006
2006
2006
2006
2006
2006
2006
2006
2006
2006
2006
2006
2006
2006
2006
2006
2006
2006
2006
2006
2006
2006
2006
2006
2006
2006
2006
2006
2006
2006
2006
2006
2006
2006
2006
2006
2006
2006
2006
2007
2007
2007
2007
2007
2007
2007
2007
2007
2007
2007
2007
2007
2007
2007
2007
2007
2007
2007
2007
2007
2007
2007
2007
2007
2007
2007
2007
2007
2007
2007
2007
2007
2007
2007
2007
2007
2007
2007
2007
2007
2007
2007
2007
2007
2008
2008
2008
2008
2008
2008
2008
2008
2008
2008
2008
2008
2008
2008
2008
2008
2008
2008
2008
2008
2008
2008
2008
2008
2008
2008
2008
2008
2008
2008
2008
2008
2008
2008
2008
2008
2008
2008
2008
2008
2008
2008
2008
2008
2008
2009
2009
2009
2009
2009
2009
2009
2009
2009
2009
2009
2009
2009
2009
2009
2009
2009
2009
2009
2009
2009
2009
2009
2009
2009
2009
2009
2009
2009
2009
2009
2009
2009
2010
2010
2010
2010
2010
2010
2010
2010
2010
2010
2010
2010
2010
2010
2010
2010
2010
2010
2010
2010
2010
2010
2010
2010
2010
2010
2010
2010
2010
2010
2010
2010
2010
2010
2010
2010
2010
2010
2010
2010
2010
2010
2010
2010
2010
2010
2010
2010
2010
2010
2010
2010
2010
2010
2010
2010
2010
2010
2010
2010
2010
2010
2010
2010
2010
2010
2010
2010
2010
2010
2010
2010
2010
2010
2010
2010
2010
2010
2010
2010
2010
2011
2011
2011
2011
2011
2011
2011
2011
2011
2011
2011
2011
2011
2011
2011
2011
2011
2011
2011
2011
2011
2011
2011
2011
2011
2011
2011
2011
2011
2011
2011
2011
2011
2011
2011
2011
2011
2011
2011
2011
2011
2011
2011
2011
2011
2011
2011
2011
2011
2011
2011
2011
2011
2011
2011
2011
2011
2011
2011
2011
2011
2011
2011
2011
2011
2011
2011
2011
2011
2011
2011
2011
2011
2011
2011
2011
2011
2011
2011
2011
2011
2011
2011
2011
2011
2011
2011
2011
2011
2011
2011
2011
2011
2011
2011
2011
2011
2011
2011
2011
2011
2011
2011
2011
2011
2011
2011
2011
2011
2011
2011
2011
2011
2011
2011
2011
2011
2011
2011
2011
2011
2011
2011
2011
2012
2012
2012
2012
2012
2012
2012
2012
2012
2012
2012
2012
2012
2012
2012
2012
2012
2012
2012
2012
2012
2012
2012
2012
2012
2012
2012
2012
2012
2012
2012
2012
2012
2012
2012
2012
2012
2012
2012
2012
2012
2012
2012
2012
2012
2012
2012
2012
2012
2012
2012
2012
2012
2013
2013
2013
2013
2013
2013
2013
2013
2013
2013
2013
2013
2013
2013
2013
2013
2013
2013
2013
2013
2013
2013
2013
2013
2013
2013
2013
2013
2014
2014
2014
2014
2014
2014
2014
2014
2014
2014
2014
2014
2014
2014
2014
2014
2014
2014
2014
2014
2014
2014
2014
2014
2014
2014
2015
2015
2015
2015
2015
2015
2015
2015
2015
2015
2015
2015
2015
2015
2015
2015
2015
2015
2015
2015
2015
2015
2015
2015
2015
